<?xml version="1.0" encoding="UTF-8"?>
<testsuite xmlns:xsi="http://www.w3.org/2001/XMLSchema-instance" xsi:noNamespaceSchemaLocation="https://maven.apache.org/surefire/maven-surefire-plugin/xsd/surefire-test-report.xsd" version="3.0.2" name="dev.xamanicolas.pizzaria_backend.PizzariaBackendApplicationTests" time="15.261" tests="1" errors="0" skipped="0" failures="0">
  <properties>
[...]
</properties>
  <testcase name="contextLoads" classname="dev.xamanicolas.pizzaria_backend.PizzariaBackendApplicationTests" time="0.912">
    <system-out><![CDATA[19:13:26.318 [main] INFO org.springframework.test.context.support.AnnotationConfigContextLoaderUtils -- Could not detect default configuration classes for test class [dev.xamanicolas.pizzaria_backend.PizzariaBackendApplicationTests]: PizzariaBackendApplicationTests does not declare any static, non-private, non-final, nested classes annotated with @Configuration.
19:13:26.671 [main] INFO org.springframework.boot.test.context.SpringBootTestContextBootstrapper -- Found @SpringBootConfiguration dev.xamanicolas.pizzaria_backend.PizzariaBackendApplication for test class dev.xamanicolas.pizzaria_backend.PizzariaBackendApplicationTests

  .   ____          _            __ _ _
 /\\ / ___'_ __ _ _(_)_ __  __ _ \ \ \ \
( ( )\___ | '_ | '_| | '_ \/ _` | \ \ \ \
 \\/  ___)| |_)| | | | | || (_| |  ) ) ) )
  '  |____| .__|_| |_|_| |_\__, | / / / /
 =========|_|==============|___/=/_/_/_/

 :: Spring Boot ::                (v3.4.2)

2025-02-05T19:13:28.443-03:00  INFO 12892 --- [pizzaria-backend] [           main] d.x.p.PizzariaBackendApplicationTests    : Starting PizzariaBackendApplicationTests using Java 23 with PID 12892 (started by Nícolas in C:\Users\nicol\Documents\IFPI\ADS\APS\pizzaria-backend)
2025-02-05T19:13:28.446-03:00  INFO 12892 --- [pizzaria-backend] [           main] d.x.p.PizzariaBackendApplicationTests    : The following 1 profile is active: "test"
2025-02-05T19:13:31.184-03:00  INFO 12892 --- [pizzaria-backend] [           main] .s.d.r.c.RepositoryConfigurationDelegate : Bootstrapping Spring Data JPA repositories in DEFAULT mode.
2025-02-05T19:13:31.370-03:00  INFO 12892 --- [pizzaria-backend] [           main] .s.d.r.c.RepositoryConfigurationDelegate : Finished Spring Data repository scanning in 161 ms. Found 4 JPA repository interfaces.
2025-02-05T19:13:32.838-03:00  INFO 12892 --- [pizzaria-backend] [           main] com.zaxxer.hikari.HikariDataSource       : HikariPool-1 - Starting...
2025-02-05T19:13:33.475-03:00  INFO 12892 --- [pizzaria-backend] [           main] com.zaxxer.hikari.pool.HikariPool        : HikariPool-1 - Added connection conn0: url=jdbc:h2:mem:testdb user=SA
2025-02-05T19:13:33.480-03:00  INFO 12892 --- [pizzaria-backend] [           main] com.zaxxer.hikari.HikariDataSource       : HikariPool-1 - Start completed.
2025-02-05T19:13:33.734-03:00  INFO 12892 --- [pizzaria-backend] [           main] o.hibernate.jpa.internal.util.LogHelper  : HHH000204: Processing PersistenceUnitInfo [name: default]
2025-02-05T19:13:34.005-03:00  INFO 12892 --- [pizzaria-backend] [           main] org.hibernate.Version                    : HHH000412: Hibernate ORM core version 6.6.5.Final
2025-02-05T19:13:34.141-03:00  INFO 12892 --- [pizzaria-backend] [           main] o.h.c.internal.RegionFactoryInitiator    : HHH000026: Second-level cache disabled
2025-02-05T19:13:35.232-03:00  INFO 12892 --- [pizzaria-backend] [           main] o.s.o.j.p.SpringPersistenceUnitInfo      : No LoadTimeWeaver setup: ignoring JPA class transformer
2025-02-05T19:13:35.392-03:00  INFO 12892 --- [pizzaria-backend] [           main] org.hibernate.orm.connections.pooling    : HHH10001005: Database info:
	Database JDBC URL [Connecting through datasource 'HikariDataSource (HikariPool-1)']
	Database driver: undefined/unknown
	Database version: 2.3.232
	Autocommit mode: undefined/unknown
	Isolation level: undefined/unknown
	Minimum pool size: undefined/unknown
	Maximum pool size: undefined/unknown
2025-02-05T19:13:37.302-03:00  INFO 12892 --- [pizzaria-backend] [           main] o.h.e.t.j.p.i.JtaPlatformInitiator       : HHH000489: No JTA platform available (set 'hibernate.transaction.jta.platform' to enable JTA platform integration)
Hibernate: 
    drop table if exists customer cascade 
Hibernate: 
    drop table if exists customer_order cascade 
Hibernate: 
    drop table if exists employee cascade 
Hibernate: 
    drop table if exists pizza cascade 
Hibernate: 
    drop table if exists pizza_order cascade 
Hibernate: 
    create table customer (
        id bigint generated by default as identity,
        cpf varchar(255),
        customer_name varchar(255),
        email varchar(255),
        house_number varchar(255),
        phone varchar(255),
        street varchar(255),
        zip varchar(255),
        primary key (id)
    )
Hibernate: 
    create table customer_order (
        total numeric(38,2),
        customer_id bigint,
        id bigint generated by default as identity,
        primary key (id)
    )
Hibernate: 
    create table employee (
        id bigint generated by default as identity,
        password varchar(255),
        username varchar(255),
        primary key (id)
    )
Hibernate: 
    create table pizza (
        price numeric(38,2),
        id bigint generated by default as identity,
        flavor varchar(255),
        size enum ('EXTRA_LARGE','LARGE','MEDIUM'),
        primary key (id)
    )
Hibernate: 
    create table pizza_order (
        id bigint generated by default as identity,
        order_id bigint,
        pizza_id bigint not null,
        quantity bigint,
        primary key (id)
    )
Hibernate: 
    alter table if exists customer_order 
       add constraint FKf9abd30bhiqvugayxlpq8ryq9 
       foreign key (customer_id) 
       references customer
Hibernate: 
    alter table if exists pizza_order 
       add constraint FKoqca1aov8a5nvqtk4px27yjdg 
       foreign key (order_id) 
       references customer_order
Hibernate: 
    alter table if exists pizza_order 
       add constraint FKqo4nnh4h7iula92gq0wlmx1w3 
       foreign key (pizza_id) 
       references pizza
Hibernate: INSERT INTO customer (customer_name, cpf, email, phone, house_number, street, zip) VALUES ('Xamã Cardoso Mendes Santos', '111-111-111.11', 'xama@gmail.com', '555-555', '3118', 'Rua dos Alfeneiros', '6400000')
Hibernate: INSERT INTO customer (customer_name, cpf, email, phone, house_number, street, zip) VALUES('Nicolas Rafalel', '222-222-222.22', 'nicolas@gmail.com', '685-555', '358', 'Rua dos Loucos Danados', '1233304')
Hibernate: INSERT INTO pizza (flavor, size, price) VALUES ('Carbonara', 'MEDIUM', 40.0)
Hibernate: INSERT INTO pizza (flavor, size, price) VALUES ('Portuguese', 'LARGE', 60.0)
Hibernate: INSERT INTO customer_order (customer_id) VALUES (1); -- Pedido de Xamã Cardoso
Hibernate: INSERT INTO customer_order (customer_id) VALUES (2); -- Pedido de Nicolas Rafalel
Hibernate: INSERT INTO pizza_order (order_id, pizza_id, quantity) VALUES (1, 1, 2); -- 2 Carbonara para o pedido de Xamã
Hibernate: INSERT INTO pizza_order (order_id, pizza_id, quantity) VALUES (1, 2, 1); -- 1 Portuguese para o pedido de Xamã
Hibernate: INSERT INTO pizza_order (order_id, pizza_id, quantity) VALUES (2, 1, 3); -- 3 Carbonara para o pedido de Nicolas
Hibernate: INSERT INTO pizza_order (order_id, pizza_id, quantity) VALUES (2, 2, 2); -- 2 Portuguese para o pedido de Nicolas
Hibernate: UPDATE customer_order c SET total = ( SELECT SUM(pizza.price * pizza_order.quantity) FROM pizza_order JOIN pizza on pizza_order.pizza_id = pizza.id WHERE pizza_order.order_id = c.id) WHERE c.id IN (1,2)
2025-02-05T19:13:37.445-03:00  INFO 12892 --- [pizzaria-backend] [           main] j.LocalContainerEntityManagerFactoryBean : Initialized JPA EntityManagerFactory for persistence unit 'default'
2025-02-05T19:13:38.336-03:00  WARN 12892 --- [pizzaria-backend] [           main] .s.s.UserDetailsServiceAutoConfiguration : 

Using generated security password: b3e02883-e922-46ae-8eff-102979fb3317

This generated password is for development use only. Your security configuration must be updated before running your application in production.

2025-02-05T19:13:38.396-03:00  INFO 12892 --- [pizzaria-backend] [           main] r$InitializeUserDetailsManagerConfigurer : Global AuthenticationManager configured with UserDetailsService bean with name inMemoryUserDetailsManager
2025-02-05T19:13:39.979-03:00  INFO 12892 --- [pizzaria-backend] [           main] o.s.b.a.h2.H2ConsoleAutoConfiguration    : H2 console available at '/h2-console'. Database available at 'jdbc:h2:mem:testdb'
2025-02-05T19:13:40.185-03:00  INFO 12892 --- [pizzaria-backend] [           main] d.x.p.PizzariaBackendApplicationTests    : Started PizzariaBackendApplicationTests in 12.612 seconds (process running for 15.922)
]]></system-out>
    <system-err><![CDATA[Mockito is currently self-attaching to enable the inline-mock-maker. This will no longer work in future releases of the JDK. Please add Mockito as an agent to your build what is described in Mockito's documentation: https://javadoc.io/doc/org.mockito/mockito-core/latest/org/mockito/Mockito.html#0.3
WARNING: A Java agent has been loaded dynamically (C:\Users\nicol\.m2\repository\net\bytebuddy\byte-buddy-agent\1.15.11\byte-buddy-agent-1.15.11.jar)
WARNING: If a serviceability tool is in use, please run with -XX:+EnableDynamicAgentLoading to hide this warning
WARNING: If a serviceability tool is not in use, please run with -Djdk.instrument.traceUsage for more information
WARNING: Dynamic loading of agents will be disallowed by default in a future release
]]></system-err>
  </testcase>
</testsuite>